x D F' R U R' y R2 D U R U R' U' R U R' y U' R U' R' U D' R U' R' D U R U' R' U R U' R' U R U' R' U U R U2 R' y U' R' F R U' R' F' R R U R' F' R U2 R' U2 R' F R U R U2 R' U 
y' R' U' F2 D2 R y R' U2 R L' U L y R U R' F U' R U R' F' R' U' R2 U' U' R' y R U' R' d' L' U L U r U' r' U' r f l U' y L' U' R' U L' U2 R U' R' U2 R r 
y' R D R' U R' y L R U R2 U' R D2 L U L2 U' L L U U L' d L' U' L y U' R U R' R U R' U' R' F R2 U R' U' F' R U R' U R U R' F' R U R' U' R' F R2 U' R' U2 R U' R' 
z' D U F R' U D2 r U' r' y' R' U' R U R' U' R U' L' U L R R' U y' R2 F R F' R U R' U2 R y' R U R' U' R U R' U R U' R' R U B U' B' R2 U2 R U R' U R 
x2 y F R' D R y' R U R' D R U' R' y R U' R' U R U R' L U2 L' y U' R U R' U R U' R' U y' R' F R F' R U' R' U' R U R' U R U2 R' U' R' U2 R U' U' R' F R U R' U' R' R R' F' R2 
x' U D' R' U R' y' R' U' R U' R U' R' U y' R' U U R L' U L U' F' U F R' U2 R U2 R U R' U y' R' U2 R R y R' F' R U R U' R' R' U2 R U2 R' F R U R' U' R' F' R2 U2 
y' x' R2 F R U2 x' R U' x U U R' U' D F U' F' R U2 R' f R f' U' R U R' U R' F R F' U x' U' x R' U' R U R' U' R U y R U' D' R R' U' R U R' U' D R2 U' R U' R' U R' U R2 U 
x' U' r' U' D R' U R' U' R L U' L' U y' R' U' R U R U' R' U R U' R' U2 R U' R' U y' U R U R' U' R' F R F' R U2 R' U R U2 R D R' U2 R D' R2 U R' U R' U' R' U' R' U R U R2 U' 
z2 R2 D L F' U' D' R' U' R y' y U' L U L' U' U' R U R' U R' F R y' U' R' d R' U R U' R' U' R U z' y' R U2 R D2 R' U2 R D2 R2 
z' y' U' r U' r' L' y' L U L' U' R U' R' U R' U' R U' R U R' y' R U R' U2 R' U' R U R' U2 R R' U' x R' U R U' R' U R U' x' U R U' R2 U R U R' U' R' U' R' U R' 
y x' F2 D' R' D R' y R U' R' U' R' U' R L U' L' U R U' R' U R U' R' U' L' U L d R U R' y' R U2 R' U R U' R' U2 R U2 R' U' R U' R' u' R U R' U' D R2 U' R U' R' U R' U R2 U 
y' r' L' U' R2 D2 R' F R y U R U' U' R' U R U' R' U y' L' U L R U' R' U R' F R y' R' U U L' U U L y' x' R2 U' R' U l' y' U R' U' R D' R U R' U' D R2 U' R U' R' U R' U R2 
x' y U' D x' R D' R' y' U' R U R2 U' R d L' U L R' U R U' R U' R' U2 R U' R' U y' U R U' U' R' U R U' R' U' F R U R' U' R U R' U' F' u' R U R' U' D R2 U' R U' R' U R' U R2 U' 
x' y' F' D R' U y' R U' R' U2 R' U' R y' R U R' F D' D R U R' D' L' U L U' D U' R U R' F R' F' R U' U R' U' R y R' F R F' U' U R' U' R R' F' R U R' U' R' F R2 U' R' U' R U R' U R U' 
x' U R' U' F2 D L' y U' R U' R' u y U' L' U' L R' U' R d R' U' R U' R' U R U' R U' R' U' R U R' U U' R' F R2 B' R2 F' R2 B R' U R U R' F' R U R' U' R' F R2 U' R' 
x' D2 r U l U' R u L U' L' U' R U R2 U' R2 U' R' y' U R U R' U2 R U R' U F R U R' U' F' R' U R U' R' F' U' F R U R' F R' F' R U' R U 
z y2 F R' D R D R2 D U y' U R' U2 R U R' U' R L' U' L y' R' U2 R U R' U' R y' R' U' R2 U R' d' U' R U2 R' U' R U R' R U R' U' R' F R2 U R' U' F' R' d' F R2 u R' U R U' R u' R2 U' 
R D' R' D2 F' d L' U L U' U L U' L' U' L' U L U' R U' R' y L' U L U' U' R U' U' R' U2 R U' R' U R U2 R' R2 U R' U R' U' R U' R2 U' D R' U R D' U' 
y' U' L F' R' u' L u' y' R' U2 R U' R' U R R U R' U R U' R' D L' U L u' U' L' U L U' L' U L U' r' U' U' R U R' U' R U R' U r U R' U R' U' R' U' R' U R U R2 U' 
y x2 F' D2 R' F R2 E' R U' R' U L' U' L U R' U2 R y' U U y' R' F R F' R U' R' U y' L' U2 L U2 L' U L U' U' r U U' U R' U' r' F R F' M2' U M2' U M' U2 M2' U2 M' 
x y R2 D R' D2 y' R U' R2 U R y' U R' U R U R' U R U' R' U R R U' R' U R U' R' U' L' U' L y' U' R U R' U' U' l' U R D' R' U' R D x' U' R' U R' U' R' U' R' U R U R2 U2 
z y B U' U' R2 F R y' R U' R' D2 U' R' F U' F' R U' y' U' L' U2 L U L' U' L U' R U R' U R U R' R U R' U' M' U R U' r' U' R2 U R U R' U' R' U' R' U R' U' 
x2 y U' U' R' F R2 U D L2 D' D' U U L' U' L R' U' R U R U' R' y' R' U' R U y' U R' U' R U' U' R U2 R' U' R U' R' U2 R U R' U R U2 R' R2 U R U R' U' R' U' R' U R' U' 
x' y' U F2 U' R' D' R y' R' U' R U' R' U R U R U' R' U R U' R' L U2 L' R U' R' L' U' L U' L' U L U' R U' U' R' d R' U' R r' R U R U R' U' R' M' r U R U' r' R' U R' d' R' F' R2 U' R' U U U' l' U R U 
y' U' R' F D F' U' D U' R' U' R U' L' U L y' U' L' U L U2 R' U' R U y' U R' U2 R R' R U R' U' R r U R' U R U2 r' R U' R' U' R U R D R' U' R D' R' U2 R' U2 
x2 D' R' U R' F R D2 y U U' R' F R y' D R U R' U D' R U R' U2 R U' R' y U R U' R' U y' U R' U' R U R' U R U' R' U' R U' U' F R U' R' U' R U R' F' R U R' U' R' F R F' U' 
z D F' D2 U' L' U L U L' U' L R2 d' U' R U R' y U y' R' U R y L U L' y' R' U' R U' R' U R U R U R' U' R' F R2 U R' U' F' R2 F F R U2 R U' U' R' F R U R' U' R' F R2 U' 
y x2 U' D R D2 R y' R' U L' U L R' U R y' R' F R F' U' U' R U R' F R' F' R y' U' R U' R' d F R U R' F' d' R U2 R' R U R' U R U' R' U R U2 R' R U' R U R U R U' R' U' R2 U' 
x2 y F2 R D2 U y' R U' R' U y' R' U R2 U2 R' L U' L' y' D2 U' U' D D' R U R' D2 U R' U2 R U' R' U R U' r U2 r' U R U' R' U R U R' U F R U' R' U' R U R' F' U R' U' F' R U R' U' R' F R2 U' R' U' R U R' U R U 
r U' D' F R y R' F R L U2 L' U L U' L' y' U' R U' R' L U' L' R U2 R' U2 R U' R' U R U2 R D r' U2 r D' R2 R U' R U R U R U' R' U' R2 U2 
x2 y U' r' U' r' R2 U' D' R U R' L' U L R U' R' U' R U' R' L U2 L' U R U2 R2 U' R U R U R' U' R U' R' U R U' R' F' U' F U R U2 R' U R' U R' d' R' F' R2 U' R' U R' F R F U2 
x y2 U' R U R' F2 R D' y r U' r' U' R' U2 R U R' U2 R U D R U R' U D' R U' R' U R U' R' U R U' R' R' U' R U' R' d R' U R B U' M2' U M2' U M' U2 M2' U2 M' 
z r U2 r' R' U' D D' R' D y' R' F R d R' U2 R U R' U' R y' R' U2 R U' R' U R U R U' R' U2 R U' R' U R U R' U R U L' U R' U' L y' R2 R' U' U R U' U R' U' R U R U R U' R' U' R2 
y2 x F R U' R' F U' R y R2 U R L' U L u U' D R' U R u' U' F' R' U' R F R U' R' U D2 R U' R' D2 U U R U' R' U R U R' U' U' U' R U2 R' U' R U' R' U R' U' R' D' R U R' D R2 U 
z y2 R' F D2 U' L F' L U2 L' U' D U' U R' U' R L' U L U' U' R U R2 U2 R y' U' R' U' R U R' U' R U R U2 R2 F R F' R U2 R' u' R U R' D U' R2 U' R U' R' U R' U R2 
x y' U L' F' D2 R' F' y R U R' U2 R U' R' y' L U2 L' U L U' L2 U L U' y' R U' R' U R2 F R F' R U2 R' U R l U' l2' U l2 U l2' U' l U R U R' F' R U R' U' R' F R2 U' R' U 
x y2 F2 D2 F' R u y' F R' U R F' U' R' U R2 U' R' y U U R' U' R r' U' R U M' U' R U R' U2 R U R' r U R' U R U2 r' U' R' U2 R' D' R U' R' D R U R U' R' U' R 
y2 z R' D R L2 U' D' R U' R' L U' L' y' U' R U R' U R U' R' d' U' R U' R2 F R F' R' U R U' R' U R R' F R U R' U' F' U R R2 F2 R U2 R U' U' R' F R U R' U' R' F R2 U' 
z2 R U R2 U' R2 F U L F' U R U' R' U' y' R' U' R d R' U' R U R U' R' U R U R' U' r' U2 R U R' U r U F R U' R' U' R U R' F' R U R' U' R' F R F' U' 
y2 F2 U' L2 R u' R y' y' U R U' R' R R' U' R U' R' U R U' R' U' L U L' U' L U2 L' y' R U R' y' L' U L y R U' R' U R U' R' U R U' R' U R' F' r U R U' U U' L' U 
z y' U' L U2 x' R2 D L' U' L R' U' R y' y' U' R' U' R U' R' U R2 U' R' U' L U L' U U l R U' R' U l' U2 R U' R' R U R' U R U2 R' U' R U R' F' R U2 R' U2 R' F R U R U2 R' U 
y x2 U' R' F R2 D2 F' U R U' R' U' L U L' U y' U R' U2 R U R' U' R y R' U' R U R' U2 R U' L' U' L U' U' F R U' R' U' R U R' F' U l' U R' D2 R U' R' D2 R2 
x2 L R D R D U' R' U R L U L' y U R U' R' U R U' R' U L' U U L U' d U' R U' R' U' R U' R' U y' U R U' R' U U U M' U r' R U M' U r' R U M' U r' R U' 
y2 U D' R' F D2 U' R D' U' u' D R' U' R U' L' U L U R U' R' U R U' R' U2 R U' R' y R' U' R U' R' U' R F U R U2 R' U' R U R' F' L' U' L F L' U' L U L F' L2 U L 
x2 U R D' R2 D2 R U' L' U L R U' R' U U R' U' R y' L' U L y' L U L' U R U' R' U R' F R F' U' U' F U R U2 R' U' R U2 R' U' F' U' R U' R' U' R U R D R' U' R D' R' U2 R' U' 
y R' F R U D' R' y R U' R' y U R U' R' U' L U L' R U' R' R U R' U' R U2 R2 F R F' U' R' U' R y R U' R' U' R R' R U R' U' U' R' U' R U2 R D R' U' R D' R' R' U R U' R' U R U 
D2 L R u' U R2 U' R' D' R2 U' R2 U R2 U' U R' U2 R y R' U' R U' R U2 R' U' R U' R' F R U R' U' F' U R' U' F' R U R' U' R' F R2 U' R' U' R U R' U R U2 
x' y D R D L R' F R U y' R U' R' U R U R' y2' R U2 R2 U' R U y' R' U' R U R' U' R U2 R U' U' U' R' U R U' R' R U R' U' R' F R U y' R' U R U2 R' x z' R' U R' D2 R U' R' D2 R2 
x y' U' r2' F D' R U R y' R U' R' U R' U' R U R U' R2 F R y' R' U F' U' F U R U' R' U y' R U R' U2 R U' R' U' R R' U R U' R' U' R U R' U R U2 R' R' U L' U2 R U' R' U2 L R U' 
y D U r U' x' R2 D2 L' U' L R' U' R y' U' L' U' L R' U' R U y' R U2 R' U' R U R' U' U' R' U R U R' U l R U' l' B U' L' U2 L U L' U L U' U' F R U R' U' F' R2 U R U R' U' R' U' R' U R' U' 
x y' D L R D R2 U R U' R' L' U' L2 U L' U' R r' R U' R' U M' U2 R U' R' y R U R' U' R U R' U R U' R' U' R U R D R' U' R D' R' U2 R' U' 
L R F R2 y' R U' R' U R U' R' D' U' R' U R y' y' U R U' R' U R' U2 R R U' R' y' U' R' U' R U R' U' R U' U' R U2 R' U' R U' R' U' U' R2 U R' U R' U' R U' R2 U' D R' U R D' U 
z' U D' R U R' F R u' U R U' R' U R' U' R y' U' F' U' F R' U R U' R' U' R U' R U' R' U2 R U R' U2 R U R' U R U' R' U2 
x2 y D R D U' L F' y' R' U2 R U' R' U R d R' U' R U' R' U R R U' R' U R' F R F' R U' R' y' R U' R' U' R U R' U' U' F R U R' U' R U R' U' F' U' R R' U' R U R' U' R' F R2 U' R' U' R U R' F' U 
y x r' D R' D2 R2 d U R' U' R y' R U R2 U' R y' U' L U L' R U R' U R U' R2 U' F U R U' R' F' R R' U R' d' R' F' R2 U' R' U R' F R F U 
y' x' R' F2 R U' L2 R2 d' U' R' U R U y' R2 y' R' U R d' L' U L U R U R' U R U' R2 U' R U R' F R U R' F' R F U' F' U' R2 U R' U R' U' R U' R2 U' D R' U R U' D' 
x' R' D F D' F' R' U R L U L' U' R U R2 U' R U' L' U' L d R' U' R2 R' R U' R' U R U' R' U2 R U' R' U' U' R' U' R' F R F' U R u' U' R U R' U' D R2 U' R U' R' U R' U R2 
x y2 F' R' D R U R' F R U' D' U' R U R' U R U' R' y2 R U R' U' F U' F' U' U' R U' R' U R U R2 U' R U R' U R U y' L U L' R' U' R U' R' U2 R2 U R' U R U2 R' 
D2 R D2 y' R2 U' U' R' U y' R' U' R U L' U L U' d U' R2 F R F' R L' U L y U R U' R' U y' R' U R U R2 D R' U2 R D' R' U2 R' U' R U' R U R U R U' R' U' R2 U' 
x' y F R' D' R D2 U' R' U' R U L' U' L d R' U' R U y' U R U' R' U R' U' R U R U' U' R' R R' U R U' R' U2 r U R' U' r' R U R U' R' U R2 U R' U R' U' R U' R2 U' D R' U R D' U 
z R2 D x U2 r' D L U2 L' y' R' U2 R y' U' R' U' R L' U L y U' R U R' U' R U R' r U r' R U R' U' r U' r' R U R' U R' U' R2 U' R' U R' U R U 
y x2 r L U R' F U' U' R U' R' U R u' L' U L U2 L U L' y' R U' R' U' R U' R' U R U' R2 U' R y R U R' U R U2 R' U R U R' U R U' R' R2 U R' U R' U' R U' R2 U' D R' U R u' 
y2 U R' U' R' F U R U' R' U' R U R' y' U' R' F R L' U' L2 U2 L' y' R' U' R U' R U R' y U R U' R' F R U R' U' R U R' U' F' R' U R' U' U' U R' U' R' U R R' R U R2 U 
y' x' R2 D' R2 y2' U R U' R' d U R' U' R U' L' U L2 L' U' L U L' U' R U R' U U' R U U' R' U R U R' U y' R' U2 R U y' U R' U' R U' U' R U R' U R U2 R' U D R' U' R U D' R2 U R' U R U' R U' R2 
x' y D R L U y' R D2 R U R' U y' L U2 L' U' L U L' U u' U R U' R' U y' R' U R D U' y' L R U' R' U L' R U R' U R U' R' U2 
x' y D R L U y' R D2 R U R' U y' L U2 L' U' L U L' U u' U R U' R' U y' R' U R D U' y' L R U' R' U L' R U R' U R U' R' U2 
y' F2 l R U' x U' R' y' R y' U' R U R' u' R U' R' y' U' L' U' L R U' U' R' U R U' R' U' R' U R R' U R U2 R' U R U' M' R' U' R U' R' U2 R U' R r' R U' R U R U R U' R' U' R2 U 
x y' U' D' R D' R D2 U R' U' R L' U' L y U R U' R' U L' U' L y L' U L U' L' U L y' R' U' R U R' U' R U R U2 R' l' U R U' R' U R U' R' U R U' l U2 R' R U' R U R U R U' R' U' R2 
x' y' L' U L U' R' x' y R U' R' u' L' U' R U' R' L U' L' R U' U' R' U D R U' R' D' R U' R' U' R U R' U' R U R' U R' F R U R' F' R R' R F U' F' U2 
y' U' D U R U' R' U R U' R' U' R' U R' F R F' R y' d R U' R' U R' U R U' R' U' R U' l' U2 L U L' U l R U' R' U' R U R D R' U' R D' R' U2 R' U' 
x' y' r U R F R D' L U2 L' U L U' L' R U R' U y' L U L' R' U' R U R' U2 R U' R U' R' U R U R' U' r U r' R U R' U' r U' r' R' U R U' R' F' U' F R U R' F R' F' R U' R U 
x2 U' R' F D2 L y U' R' U R U' R U R' U' y' R U' R' y' R U R' U R U R' U2 R U R' d R U R' U' U' r U r' R U R' U' r U' r' R' U R' d' R' F' R2 U' R' U R' F R F U 
y2 R2 F R2 D' R2 y U' R' U' R y' R U' R2 U' R U L' U' L R U' R' U R' U' R U R U R' U' R U R' U' x' R U' R' D R U R' D' x R' U R' U' R' U' R' U R R' R U R2 
x D R2 D' R2 U' D2 R' F U R u' U' R U R' u R U' R' d' U' L' U' L U R U R' U R U' R' U R' U' R U' R' U' R U r U R' U' r' F R F' M2' U M2' U M' U2 M2' U2 M' U 
y x R2 F R D L U' L u U' R' U2 R2 U R' y' U y' R' U' R U' R' U R d U' R' U' R U' R' U R y' R' U R r' U2 R U R' U' R U R' U r R2 U' R U' R U R' U R2 U D' R U' R' U' D U' 
z y2 R D' R' U L y' R' F R y' U y' U L' U' L U' R' U2 R U R' U' R U' F' U' F R U R' U' R U R' U' R U R' U R U2 R' U M2' U M2' U M' U2 M2' U2 M' U 
x' D2 R D F2 L U L' U' U U R' U R U R' U R U' R' U R y' U' R' F R F' R U' R' y U R U' R' U y' R' U' R U R' U' R U R' U R U l' R' D2 R U R' D2 R U' l U2 
y x U' R' F R U' D L' U L U' L U L' F' R' U' R U R' U2 R2 U' U' R' U R U R' y' R U2 R' U' R U R' U R U B' U' R' U R B R' R2 U R' U R' U' R U' R2 U' D R' U R u' 
x y2 R U' r U' U' r' D' U' U' U R' U R U R' U R U' R' U R U U' R U R' U' U' L' U L U L' U L U' L' U L R U2 R' U' R U' R' U R' d' F R2 u R' U R U' R u' R2 U2 
y x R' D2 B U' R' F R y' R U2 R' d R' U' R d R' U2 R U' R' U R U' y' R' U R U' R' U' R U F' U F U R U' R' U2 R U R' U R U2 R' R U R' F' R U R' U' R' F R2 U' R' U 
x D R F R2 D2 R U' L' U L y R U2 R' U2 R U' R' L' U' L y' R U' U' R' L U' L' U' R U' R' y' R' U' R U R' U' R U' R U R' U R U2 R' U' R2 U R' U R' U' R U' R2 U' D U' 
z2 F2 R D' R r' U r y' L' U L D' d' L' U L U R U R' L' U U L U' L' U L U' R' U2 R U R' U2 R U R' F R U R' F' R F U' F' U' R' U R' U' R' U' R' U R U R2 U 
z y2 D l F' U2 R' F R y2' R' U R U' R' U' F R y' R U R' U' D' R U' U' R' U R U R' U R U' R' U' F R U R' U' F' U' R' U2 R U R' U R U' R' U' R U' R' U2 R U 
y2 x D x' R D R2 u R' U' R y' R U' U' R' U U L' U' L R U R' U' R R' U' R U y R R' F' R U' U' R' M' U R U' r' U F R U' R' U' R U R' F' R U R' U' R' F R F' U 
z y2 R D R' D d' D U' R U2 R' U' R y' L' U' L U' R U' R' U R' U2 R U R U' R' R' F R U R' U' F' U R U' F' U' F R2 u R' U R U' R u' R2 U' 
z y D R D2 R' F' U' D R U' R' U R U R' U' R U' R' L' U L y2 R U' R' R U' R' y' R U R' U2 R U2 R' R' U2 R F U' R' U' R U F' U' R U' R U R U R U' R' R R' U' R2 U 
y' R' U' F R' D L D U' R' U2 R U' R' U' R U R' U R U' y' R' U R U' L' U' L U' U' R U2 R' U' R U R' U r U' r' U' r f l d' L' R' U2 R U2 R' F R U R' U' R' F' R2 U' 
x2 D2 R D2 F U' R' y' U' R' U R U U R U R' U' R U R' y' U L' U y' F R' U2 R d R' U' R U R' U2 R U' U2 U l' U R U' R' U R U' l U R' U' R U R' U' R U R' U R' U' R2 U' R' U R' U R 
x F' R2 F R U' D R U R2 U' R U' F2 D R U' R' U R U' R' U' D' R U' R' L U2 L' U' F' R U R' U' R' F R2 U B' U' R' U R B R' U' R' U R U' R' F' U' F R U R' F R' F' R U' R U 
y x' D' L D' R' F2 L L' u' R U R' U' L' U L U R U' R' U R U R' d' U' R' U2 R U' R' U R U' U' f' S U' F U' R U R' R U R' U R U' R' U R U2 R' U' R' U R' U' R' R' R U' R' U R U R2 U 
x y U F R' D L U D R' U' R U R' U2 R L L' U L U' L' R U' R' y' d R' U' R2 U2 R' U' U' R' U2 R U' R' U R U' R' U' x R' U R U' R' U R U' x' U R R2 U' R U' R U R' U R2 U D' 
y x' r' L' U' R2 D R2 U R U' R' y U R' U' R U U L U' L' R U' R' y' U' R U R' U' L' U L y' U' R U' R' U R U R2 U' R' F R U R U' F' U' R' U' F' R U R' U' R' F R2 U' R' U' R U R' U R 
y2 z r2 U' r' L' U' R' F R U R' D2 y R U' R' U' R' U' R2 U' R' d' R' U' R y' R U' R' U' R U' R' U U R U2 R' r U R' U' r' R U R U' R' U' D' R2 U' R U' R' U R' U R2 
y x2 r' L' U' U U' R' F L U' L' u U R' U2 U R U' R' U R U' y' R' U2 R d' L' U L U' r U' r' U r r' r U r' U' F R U' R' U' R U R' F' U' U' R' U2 R U' U' R' F R U R' U' R' F' R2 U2 
z y2 U' R' U R' U R' U2 R U y' U R U' R' U R' U2 R y' U R' U' R U R' U' R U2 R U' R' U' R U R' R U R' U R' F R F' R U2 R' R U' R' U' R U R D R' U' R D' R' U2 R' 
y x2 U' D R' D l' u' U' R U' R' U' L' U' L U' R U R' d' R' U' R U U L' U' L U L' U' L U R U R' R U U' R' U' R' M' U' R U' R' U2 R U' R r' U' R2 U' R U' R U R' U R2 U D' 
x y2 U r' L' U R' D R D2 L' U L y' L U L' R' U R U' R' U' R U' U' F U F' U' R U' R' y' R' U2 R U' R' U' R U R' U R U R' U' R U R' U' R2 D R' U R D' R' U' U' R' U R U2 
z y2 D D R' D R D F' u' U L' U L y' U' L U L' y' R' U R2 U' R' y U U R U' R' U R' U2 R d R' U2 R r' U2 R U R' U' R U R' U r R' d' F R2 u R' U R U' R u' R2 U2 
x' y U' x' R D' R y R' U' R U R' U' R D' R' U2 R y' U L' U L U' R U R' y' U' R U2 R' U2 R U' R' U' R U R' U' M' U R U' r' U R U R' F' R U R' U' R' F R2 U' R' 
y2 z U' D r U x' R' F2 U' R U R2 U' R R U R' D2 R U' R' U D2 U R U' U' R' d R' U' R U2 R U R' U' R U R' U' U' R' F R F' R U R' U R U R D R' U' R D' R' U R' U R U2 R' U2 

x' y U R2 D2 R D2 d' R' U R U' y U' R' F U' F' R y' U R L' U L R' U R U' R' U' U' U' R' F R2 U R' U y' R' U' R U' R' U M2' U' M U2 M' U' M2' U' 
z y D' R2 F D L U L' U L F' L' U' F' U' F U R U' R' y' U R U' R' U' L U L' U' R U R' U y' U' R' U2 r U' r' U2 r U r' R U' R' U R' U' R' U' R' U R U R2 U' 
z2 R2 F D L D' U' R U2 L' U L U' y' R U' R' U R' U R U' U R' R U' R' U' R y' U2 R U2 R' U' U' R' F' U' F R2 U' R2 U2 R U2 R' U' F' R U R' U' R' F R2 U' R' U' R U R' U R 
y' x' r' U' R' U F R' L' U2 L u2 U2 L U' L' U2 L U' L' y L' U L U' R U R' U2 L' U' L U L' U' L U' U' R U R' U' R' F R2 R' R U R' U' F' U' R2 U R' U R' U' R U' R2 U' D R' U R D' 

x' D' R D R' U D' R U R' U R U R' U' R U' R' U2 L' U' L y U y U L' U' L U' L' U L R U R' U2 R U R' U U R' U' R' F R F' R' F R F' U R U' R U R' U R' U' R2 U' R' U R' U R 
z2 R F U' R D y' U' r' F r2 U r' U2 M' U' M y U' R U2 R2 R U' U R' U' R2 U2 R' U' U' R U' R' F U R U' R' F' U x R' U R' D2 R U' R' D2 R2 B2 
z' R D' R' D2 R' D L' U L U y' R' U R y' U U L' U' L y' L U2 L' y U U' R U' R' U' L' U' L y' R' U' R U' R' U' R U2 R' U' R U U' R U R' U R' F R F' R U2 R' U R U R' U' R' F R2 U' R' U' R U R' F' U 
y x2 r' F R' F R U' U' R' U R U' R' D' y L' U L R U' R' U R' U' R U y' R' U' R U R' U' R U r U' r2' U r2 U r2' U' r U' U' l' U R' D2 R U' R' D2 R2 
x y2 D R' F U R2 U2 R U' R' U' L' U' L U R U R' U' y U' R U R' L' U L U2 L' U L U' R' U R F R U R' U' F' R U' R' U' R U R' U' R U R' U R U2 R' U2 R U2 R' 
y2 R' F R U' l U' l' U R' U' R2 U R' U' R' F U F' R y U U R U' R' U' R U' R' U R U' R' U R' U' R U' U' U2 F R U' R' U2 R' U2 R2 U R2 U R U' F' 
y x2 D L U' R' D' R D2 L' U2 L U R' U' R U R U' R' U r U' R' U R U r' y U' y R U R' U' y' R' U2 R U' R' U2 R U2 R U' R' U' R U R D R' U' R D' R' U2 R' U2 
y x2 D R2 B' R' x r' D F D U L' U' L U R U R' L U L' R U' U' R' U2 R U' R' y U' U' R U' R' U y' U R' U' R U' R' U R R U R' U R U R' F' R R' R U R' U' R' F R2 U' R' U2 R U' R' U' 
x' R D L' U L' y U' R U' R' L U' L' U' U y' R' U' R U' R' U R y' U' R' U' R U R' U2 R y' U' R U2 R' U' R U R' F R U R' U' F' U' R' U' F' R U R' U' R' F R2 U' R' U' R U R' U R U' 
y' x' U R' F R2 L y' U L' U L R U R' y R' U2 R L' R U' R' L y' R U' R' U R U' R' U R U' R' U' r' U' R U' R' U2 r M2' U' M' U' M' M U M' U' M' U2 M2' U2 M' U' 
x2 R D F R' F2 U L' U L d' L U' L' y' U y R U R' y U L' U' L U' y2' U2 R U' R' L U2 L' y' R' U2 R R' R U R' U' R U R U R' U' R' F R2 U R' U' F' F R U' R' U' R U R' F' R U R' U' U R' F R U' R' R U R' F' R U' R' F R F' 
y x D' R' U R' F U' L' U2 L U' L' U L R' U R y R' U2 R y' U' R U2 R2 U R U2 R U2 R' U U x' R F' R U' R' U F' l' U' U' l U' R' D R U R' D' R U R' D R U' R' D' 
y' x r' R2 U' D' R2 U R' U R' F R F' R U y' U' U' R U' R' y' U' R U' R' U R U' R' y2 U F' R U R' U' R' F R U' F U R U' R' F' U' R' U2 R' D' R U' R' D R U R U' R' U' R U' 
x' y' R2 D R2 F D y' U' R' U2 R L' U L y U' R2 F R F' R U2 R' U R U R U' R' L' U l R U' R' U M' U' f R U R' U' f' U' F R U R' U' F' U' R2 R U R' U' R' U' R' U R R2 R2 U R2 U' 
y x' D2 B R' U' D' l U' l' y' R' U2 R U' R' U R R U R' U2 R U' R' y' U2 L' U' L U L' U' L U R U R' R R' U' R U R' U' U R U R' U' M' U R U' r' U U R' U R' d' R' F' R2 U' R' U R' F R F U2 
x y2 R2 D U' U' R D2 R d' L' U L U' r B r' R' R R' U' R y' U' r B r' y U U' L' U' L U' R U' R' U R R' R U R' U' R' U' R' F R F' U R U R' d' F R2 u R' U R U' R u' R2 U 
y2 D R' D U R' F2 D2 R U R' L U2 L' U R R' R U R' y L U L' R U' R' U' R U R' y' R U R' U R' F R F' U R U' R' U R U' R' U' R U R2 R R' D' R U' R' D R 
x' y' r' D2 R D' R2 F D' U R' D y U' L' U' L y U R U' R' L' U L y' U' U' R' F R2 U' R' U2 R U R' F' U' F' U' F R2 u R' U U' R2 R2 U R U' R u' R2 U 
z y2 R' D F' R2 D r U' R' U R U r' y U U R U' R' y U' R' U R R' F R2 U' R' U2 F' U U r' U2 R2 U R2 U r r U' r' U' r B U B' r' U U' U' R U R' F' R U R' U' R' F R2 U' R' U2 
y x x' U2 l' R' F D R' U' R U2 R' U L U L' U' R U' U' R' U2 L' U' L U2 R U2 R2 U' R U' y' U' R2 F R F' U R U R U R' U' R' F R2 U R' U' F' U R' R2 U R' U' D 
x' y L F' L u R2 U R' u U' R U' R' U' R' U' R y' U U F R' U R F' y R U' R' U R U R' U' r U2 R' U' R U' r' U M2' U M U2 M' U M2' U2 
U2 R2 B' R D' d' R' U' R y' d R' U2 R2 U' R' y U2 R U' R' y R U R' L' U2 L U' r U' r' F U2 R U2 R2 F R F' R U2 R' U' x R2 D2 R U R' D2 R U' R B2 
y2 x l' U L2 U2 R' U R U' R' y U' R U' R2 U R U2 R U' R' L U' L' U2 R U R' U' R U R' U U' R E' U' E U' R2 D' r U r' D R2 U R' R U' R' d R' U' R U' U' R' U' F' U F R R U R' U' D 
D' L R' D R D2 y' L U2 L' U2 L U' L' U U R U' R2 U R U y' R' U2 R U' R' U R U' U' R U' R' U' R U R' U' R U B' U' R' U R B R' U R' U L' U2 R U' R' U2 R r 
x' y L D' F R D' R' U2 R U R' U' R y' U R' U2 R U R' U' R y' R U2 R2 U R U R U' R' U R U R' R' U' R' F R F' U R U2 R U R' D U' R2 U' R U' R' U R' U R2 D' 
z2 R D R2 D R' F R2 U' R' u2 U R U' R' U' R' U' R2 U R' U' R U R' y' R U' R' U R' U' F' U F R U R' U2 R' D' R U' R' D R U R U' R' R R' U' R U 
y' x D' U R L F' U L2 D2 y R' U' R y' U y' U R U R2 U' R U2 R U' R' U' U' F' U2 F U' R' F R2 U R' U' F' R' U U' R R' U R U' R' F' U' F R U R' F R' F' R U' R U2 
y x2 R2 F B' D2 R' L U' L' U L U L' U' y' R' U' R2 U R' y R U' R2 U' R R U' R' U R U' R' U B' R U' R' U R' U R U' R' U' R B U U l' U R' D2 R U' R' D2 R2 B 
y' r B' U' D R' D L' y' U R' U' R U R' U2 R y' R U2 R' U' R U R' U' F U' F' U' L' U' L U y R U' R' d R' U' R U' R' U' R R' U l' f' x' R' F' R2 U' R' U R' F R F 
D2 R B' U r U' r' U' U' F R' U' R F' R U' R' L U2 L' y' R U U R' U' R U R2 U' R U' U' R' U R U' f R U R' U' R U R' U' f' U' R' U L' U2 R U' R' U2 R L U2 
D' R U R' F R U2 L' U L U' L' U' L R2 u R2 u' R2 y U' R' U R' F R F' R R' U R2 U2 R' U2 R U' R' U' U' R' U R U' U' R' U R R U2 R' U' R U' R' R2 u' R U' R U R' u R2 y R U' R' U' 
x' D r' U r F' R D2 U2 R' U' R y' U2 R U2 R' U' L' U L y R U2 R' U' R U R' U2 L' U' L U' r U' r' F U2 R U R' U R U2 R' U x' z R U' R' D R U R' D' R U R' D R U' R' D' 
x D' F R2 D' R' L' U L R' U R y' U' R' U2 R U' R' U R U' D R U' R' u' R U' R' U R U' R' U2 R U2 R2 F R F' R U2 R' y x R' U R' D2 R U' R' D2 R2 
x l R D' R' D2 F2 U R U R' U' R U R' y U' U' R' U R U R' U R U' R' U R U' R R' R U R' U L U L' U2 R U' R' U y' U R' U' R U' R' U R U R' U' R U' R' U2 R x R2 D2 R U R' D2 R U' R B2 
x y r' U' R' F D2 L2 U' L' L L' U' L U' R' U' R y' U' L' U' L R U' R' U r U' R' R R' U R U r' y2 U2 L' U L U' L' U' L U' U R U' R' U' R U' R' U R U R' U x R2 D2 R U R' D2 R U' R B 
x' L F' L' y U L F' L' D' y' R U' R2 U R y' U D' L' U L D U2 R U' U' R' U R U' R' y U' R U' R' U U' R U2 R' U2 R U2 R' U' R U' R' U R U' R' U R U R' U' 
x2 y R' U' R' F U' D' R2 y L' U L U R' U' R L' U2 L U L' U' L U y' R' U' R U R' U2 R y' U2 R U2 R' U' U' R U R' U2 R' U' F U R U' F' R' U2 R' D' R U' R' D R U R U' R' R R' U' R U' U' 
R2 D2 R' D R' U' L U2 L' U' L' U L U R U' R' U' R' U' R R U' R' d R' U' R U' f R U R' U' f' U' F R U R' U' F' U x' F R U' U R' F R U' R' D R U R' D' R U R' D R U' R' D' 
z' D R2 F2 R U' l U' l' L U L' D2 y U R U' R' U2 R U' R' y' R U' R' U' R U R' y' U' R U R' U' r' R U R U R' U' r R2 F R F' U' R' U' F' R U R' U' R' F R2 U' R' U' R U R' U R 
y x U R r' D F' L' U' L y' L U2 L' R U' R' U R' U2 R U' R U2 R' U' R U R' y' U2 R U' R' d R' U' R U' R' U' R U R' U2 R U2 R' U R U2 R' U R U2 R' U' R U2 
x2 y R' U2 F D' R y' R U' R' y' U R U' R' U' R U' R' U R U' R' y' U R U' R' U y' U R' U' R U' R U' R' U' R U R' U R' r r' F' r U' r' F F R l U L' U L U2 l' U 
y' x' U' R2 F D R' F U' R y U' R U' R' U R U' R' L' U L y U L U' L' U R' U R2 U' R' U' R' U2 R U R' U' R U R U' U' R2 F R F' U2 R' F R F' U R' U L' U2 R U' R' U2 R r 
x' y R U' R U' D L2 U y' R2 U R' U R U' R U R2 U' R y U' U' y U F R' F' R U R U R' U2 F R U' R' U' R U R D R' U' R D' R' U2 R' U' F' U' U' 
z2 D R D R2 L' y r U' r' D2 y R' U R2 U R' y U R U R' y U R' U' R U' y' U' R U R' U' R U R' R' F' U' F U' R U R' U R U U l U' R' D R U R' D' R U R' D R U' R' D' 
x y D r R' U' D R D2 y' U' R' U2 R L' U L U R U R' y U R U R' L' U' L U L' U' L d' R U' R' U R U R' U U2 R2 D R' U2 R D' R' U2 R' 
x y D2 R D' L U' R2 L' U2 L2 U L' y' R' U' R2 U R' y R' U2 R2 U R' y U' y' R' U' R U r U r' R U R' U' r U' r' U' R' U2 R' D' R U' R' D R U R U' R' U' R 
z2 R' F R2 L D' y L F' L' U R U' R' U R' U' R U2 L U' L' y L' U2 L2 U L' U' U y' U R U' R' U' R U' R' U R U' R' U R U R' U' R' F R2 U R' U' F' x' R U' R' D R U R' D' R U R' D R U' R' D' 
x2 U2 F R2 L D' R D2 U R U' R' d' L U' L' U y' L U' L' R U' R' U2 R' U R U' R U R' U' R' D' r U r' D R2 U R' U' U' R2 D' R U2 R' D R U2 R R U' R U R U R U' R' U' R R' R R 
x2 R2 F R D L' D R2 U2 R U' R' U R' U' R L' U' L U R U' R' y' U' L' U L U' L' U L d' U' L' U L U' L' U L U2 L' U L U U' R U R' y R' F R U' R' F' R U' R' U L' U R R' U R U' R' U2 R r 
z2 R' F' D R L D' D' y R' F R F' R' U' R U' y' U y L' U' L2 U L' y' R' U' R U2 R' U R U' R U R' d R' U' R2 U R' U' r R' U R U' r' U' R' U' F' R U R' U' R' F R2 U' R' U' R U R' U R U 
x2 y' D D U' R' D R y L F2 L U' L' U' R U' R2 U R2 U' R' U2 L' U2 L U2 L' U L y L' U' L U R U' R' y U' L' U L U' r R R' U R U' L' U R' U' x' U2 
y x2 F' R' D2 F R U L' U L d' R R' U R U' R' U2 R U' R' L' U L d R U R' y U' R U R' U' R' F R F' U R' U' F' R U R' U' R' F R2 U' R' U' R U R' U R U2 
x2 y' R2 F R L B' D' R U' R' U R U L' U' L y L' U L d R' U R U' y' U' R' U R y' R U' R' U' R U' R' U R U' R' U' U' R U2 R2 U' R2 U' R2 U2 R z D' R U' R2 D R' U D' R U' R2 D R' U R 
x2 U L F' R' D D U' R' U' R U' U' R' U R y' y' U R' U' R U R' U' R2 U' R' U y' R' U' R U' R' U' R U F U R U' R' F' U R U R' U' R' F R2 U' R' U' R U R' F' U 
x' z' D r' F' R' D F D D y' U y U U' U' R U' R' y R U R' U' U' L' U L R' U R y' d R U' R' U' R U' R' U R U' R' y U' R U R' U R U R' U' r U r' U R U' R' U R U' R' r U' r' U R U' R' U' R U R D R' U' R D' R' U2 R' U' 
x' D x' R' U' R' F D D R U R' U2 R d' R U R' y' U' U' R2 R U' R2 U R y' U' L' U L R' U R2 U' R' U R U' U' R' U R U' R' y' U y' U R' U' R U' U' R' U R U' U U R' F' R L' U' L U l' U l U' x' R U' R D D R' U R D D R2 F 
x2 R2 F R D D F' U' R' U' R U' R' U R y' U' R' U R U' R U R2 U R y' y' R' U R U' R' U R U L F' L' U' L U F U' L' U' R' U2 R U' U' R' F R U R' U' R' F' R2 
x2 y D' L U F R' y D' R U' R' D L' U' L U' R' U' R U R' U' R L U L' U L U' L' y' U2 R U' R' U R U' R' U R' F R F' U' L' U' L U L F' L2 U' L U F U2 
x2 U F' L R' F D' R y' R U R' U' R U R' U' U' R' U' R U' R' U R U y' R U' R' U' F U' F' U' R' F R F' U' L' U' L U' L' U L U r U' r' F U2 R' U' F' R U R' U' R' F R2 U' R' U' R U R' U R U 
x2 y U2 L D' L' R2 L U L' U R U R' U2 R U' R2 U' U' R U2 R' U R U L' U' L U' r U' r' F U2 R' F' r U' r' F2 R R2 u R' U R' U' R u' R2 F' U F U' 
x' L' R' D' U' r' U' L' U' y' R U' R' U R U' R' U R U' R' y' L' U' L U' U' r' F r U R' F R F' R U' R' U L U' L' F R U R' U' F' U' 
z2 F' U2 L l' D' x' U' R' D' D' U' D' R U' R' y R U R' x x' z2 M2' U' M U' U' M' U' M2' x2' y r' F' r d U R U' R' y U R U' R' U R U' R' U y' U L' U L y' R' F R F' U' U' U r U' U' R' U' R U' r' U' R' U L' U2 R U' R' U2 R L U' 
z2 F D l U R' F2 D2 R U' R2 U R U2 R U' R' U L' U' L U' L U L' R U R' U' L U L' U y' L' U L U' L' U L U2 l' U' l L' U' L U l' U l U' R' U' F' R U R' U' R' F R2 U' R' U' R U R' U R U 
x' y2 R' F B' R D F2 D U L' U2 L U' L' U L U L U L' U' L U2 L' U R U' R' y U2 y' R' U2 R d' R U R' U F R U R' U' F' U F R U' R' U' R U R' F' R U R' U' R' F R F' U' 
x' y' R l D2 r R' U y L U L' d R' U' R y U' R U R' U' L' U L U' y R U R' y' L' U' L U' L F' L' F M2' U M U U M' U M2' U' 
x' R D F D2 U' R' U' R U R' U' U' R L' U L U' y' R U' R' y U' U L U' L' R U' U' R' U2 R U' R' U' r U R' U' r' F R F' U R U R' U' R' F R2 U' R' U' R U R' F' U 
z2 D U L F' D2 U R' U' R U' R' U R L U' L' U L U L' U L U' L' y' R' U R U' y L' U L U' R U2 R' U' R U R' U2 R' U' R' F R F' U R U' U R U R' F' R U R' U' R' F R2 U' R' U2 
x' z U l R D L2 F' D' y' U2 L U L' U' U' R' U2 R U' R' U R R U r' l' U' L U r U2 R' U' R U' r' U' R U R' F' R U R' U' R' F R2 U' R' U 
x y2 D2 l D' x U x' L2 y' R U R' F R' R R' R R' R R' F' R u' U R U R' L U' L' D' L' U L D U R U' U' R' U2 R U' R' U2 r U r' R U R' U' r U' r' U' U' R' U R' U' y R' F' R2 U' R' U R' F R F U 
x' D x' D F2 R D R' F R D D' D U R' U' R U' F U' F' y R U' R' U R U' R' L' U L U R' U R y' U' R U' U' R2 F R F' U' U' F U R U' R' F' U' R U' R' U' R U R D R' U' R D' R' U2 R' U' 
x2 y' U L D R' D r L U2 x' D R U R' D' R' U R y' R' U' U' R U R' U' R U R' R R' R U' R' U' F' U F R U R U' R' U' R U R D R' U' R D' R' U2 R' U 
z' y' D' r' y' D2 R D2 U' F U R U' R' F' U F U' F' U' y U' U' U' R U2 R' U y' R' U' R U' R U2 R' L U' L' y' U' R' U R U' R U R' U' R U' R' F' U' F R U R' U R' U2 R U2 R' F R U R' U' R' F' R2 
z2 L' U' B2 U' R2 y U' U' R U R' U2 L' U' L U' y U' d' U' R U R' y U' R' U' R y' y' R U' R' U2 R U' R' U' y R U' R' R' F' r U' r' F F R U U R' U' F' R U R' U' R' F R2 U' R' U' R U R' U R U 
x2 y' L R2 F' U B2 D2 y' U U R U R' U2 R U R' d' U' y U' U F' U' F d' U' R U R' y' R U R' U R U R' U U y' U y' R' U R U' R' U' R U' r U2 R' U' R U R' U' R U' r' U' R U' R' U' R U R D R' U' R D' R' U2 l' 
x2 y U' D R' U' L2 y y' y' U' R2 U' U y' U' R U R' R' U' R U y' U' y U' R U R' y' U R' U' R U y' U R' U2 R U' y R U R' y' R U' R' U' R U' R' U y' R' U' R U' U' R U R' U R U2 R' F R U R' U' F' U R' U R' d' R' F' R2 U' R' U R' F R F U 
z' F U' R' D R D' R' U R y L U L' y' U R' U2 R U' R' U R U R U' R' y' U2 L' U L U' L' U L U' r U r' R U R' U' r U' r' R U R' U R U R' F' R U R' U' R' F R2 U' R' U2 R U' R' 
x y U' R F R y R' U R L U L' L' U2 L R' U R y' U R' U' R U R' U' R2 U' R' U' R U' R' U R U' R' U2 R' U' F U R U' R' F' R U2 R' U R' U' R' U' R' U R U R2 U' 
x' U2 L' D' R' D R' U' R U R' d R' U' R y' U2 L' U L R' U R U' R U R' U' R U R' y U R U R' U2 R U' R' U R U' R' U2 R' U' F U R U' R' F' R U' R' U L' U2 R U' R' U2 R r 
z' F' R' F D' U' R' d L U L' R U' R' D R' U R U' D' R U' R' U R U' R' U' L' U' L U L' U' L U' r U R' U R U2 r' R' U2 R' D' R U' R' D R U R U' R' U' R 
x y R D' R D E' L' U R U' R2 U' R U2 R U' R' U R U R' y' R U' R' U' R U' R' U R U' R' l' U2 L U L' U l U' R2 U R U R' U' R' U' R' U R' U' 
y x D2 x' R D R' D2 L U' L' U2 L U' L' U' U' R U2 R' U' F U' F' U R U R' U' U' R' U R U R U' R' U' y L' U L U' R' F R U R' U' F' U R M2' U' M2' U' M' U2 M2' U2 M' 
y U' F r x' R' U L' U' L D' U' L U' L' U2 L U' L' R' U2 R2 U R' y U' R U R' U F' U F R U R' U' R U' R' U 